# JRE version: OpenJDK Runtime Environment (8.0_152-b01) (build 1.8.0_152-release-1343-b01)
# Java VM: OpenJDK 64-Bit Server VM (25.152-b01 mixed mode windows-amd64 compressed oops)
Heap:
 PSYoungGen      total 86016K, used 38467K [0x00000000e0000000, 0x00000000e6780000, 0x0000000100000000)
  eden space 67072K, 51% used [0x00000000e0000000,0x00000000e21b4f90,0x00000000e4180000)
  from space 18944K, 20% used [0x00000000e5500000,0x00000000e58dc030,0x00000000e6780000)
  to   space 19456K, 0% used [0x00000000e4180000,0x00000000e4180000,0x00000000e5480000)
 ParOldGen       total 107520K, used 76700K [0x00000000a0000000, 0x00000000a6900000, 0x00000000e0000000)
  object space 107520K, 71% used [0x00000000a0000000,0x00000000a4ae7368,0x00000000a6900000)
 Metaspace       used 84257K, capacity 87178K, committed 87316K, reserved 1124352K
  class space    used 10874K, capacity 11478K, committed 11580K, reserved 1048576K
GC Heap History (10 events):
Event: 305.724 GC heap before
{Heap before GC invocations=40 (full 4):
 PSYoungGen      total 57856K, used 44044K [0x00000000e0000000, 0x00000000e5780000, 0x0000000100000000)
  eden space 36864K, 100% used [0x00000000e0000000,0x00000000e2400000,0x00000000e2400000)
  from space 20992K, 34% used [0x00000000e2400000,0x00000000e2b03208,0x00000000e3880000)
  to   space 22528K, 0% used [0x00000000e4180000,0x00000000e4180000,0x00000000e5780000)
 ParOldGen       total 107520K, used 64065K [0x00000000a0000000, 0x00000000a6900000, 0x00000000e0000000)
  object space 107520K, 59% used [0x00000000a0000000,0x00000000a3e907b8,0x00000000a6900000)
 Metaspace       used 77524K, capacity 79848K, committed 80532K, reserved 1118208K
  class space    used 10226K, capacity 10725K, committed 10940K, reserved 1048576K
Event: 305.830 GC heap after
Heap after GC invocations=40 (full 4):
 PSYoungGen      total 67072K, used 9520K [0x00000000e0000000, 0x00000000e5680000, 0x0000000100000000)
  eden space 45568K, 0% used [0x00000000e0000000,0x00000000e0000000,0x00000000e2c80000)
  from space 21504K, 44% used [0x00000000e4180000,0x00000000e4acc3c8,0x00000000e5680000)
  to   space 21504K, 0% used [0x00000000e2c80000,0x00000000e2c80000,0x00000000e4180000)
 ParOldGen       total 107520K, used 71265K [0x00000000a0000000, 0x00000000a6900000, 0x00000000e0000000)
  object space 107520K, 66% used [0x00000000a0000000,0x00000000a45987c8,0x00000000a6900000)
 Metaspace       used 77524K, capacity 79848K, committed 80532K, reserved 1118208K
  class space    used 10226K, capacity 10725K, committed 10940K, reserved 1048576K
}
Event: 310.737 GC heap before
{Heap before GC invocations=41 (full 4):
 PSYoungGen      total 67072K, used 54278K [0x00000000e0000000, 0x00000000e5680000, 0x0000000100000000)
  eden space 45568K, 98% used [0x00000000e0000000,0x00000000e2bb5580,0x00000000e2c80000)
  from space 21504K, 44% used [0x00000000e4180000,0x00000000e4acc3c8,0x00000000e5680000)
  to   space 21504K, 0% used [0x00000000e2c80000,0x00000000e2c80000,0x00000000e4180000)
 ParOldGen       total 107520K, used 71265K [0x00000000a0000000, 0x00000000a6900000, 0x00000000e0000000)
  object space 107520K, 66% used [0x00000000a0000000,0x00000000a45987c8,0x00000000a6900000)
 Metaspace       used 78584K, capacity 81004K, committed 81684K, reserved 1120256K
  class space    used 10362K, capacity 10863K, committed 11068K, reserved 1048576K
Event: 310.749 GC heap after
Heap after GC invocations=41 (full 4):
 PSYoungGen      total 67072K, used 2950K [0x00000000e0000000, 0x00000000e6080000, 0x0000000100000000)
  eden space 45568K, 0% used [0x00000000e0000000,0x00000000e0000000,0x00000000e2c80000)
  from space 21504K, 13% used [0x00000000e2c80000,0x00000000e2f61b90,0x00000000e4180000)
  to   space 21504K, 0% used [0x00000000e4b80000,0x00000000e4b80000,0x00000000e6080000)
 ParOldGen       total 107520K, used 72185K [0x00000000a0000000, 0x00000000a6900000, 0x00000000e0000000)
  object space 107520K, 67% used [0x00000000a0000000,0x00000000a467e7e8,0x00000000a6900000)
 Metaspace       used 78584K, capacity 81004K, committed 81684K, reserved 1120256K
  class space    used 10362K, capacity 10863K, committed 11068K, reserved 1048576K
}
Event: 311.549 GC heap before
{Heap before GC invocations=42 (full 4):
 PSYoungGen      total 67072K, used 48314K [0x00000000e0000000, 0x00000000e6080000, 0x0000000100000000)
  eden space 45568K, 99% used [0x00000000e0000000,0x00000000e2c4cc70,0x00000000e2c80000)
  from space 21504K, 13% used [0x00000000e2c80000,0x00000000e2f61b90,0x00000000e4180000)
  to   space 21504K, 0% used [0x00000000e4b80000,0x00000000e4b80000,0x00000000e6080000)
 ParOldGen       total 107520K, used 72185K [0x00000000a0000000, 0x00000000a6900000, 0x00000000e0000000)
  object space 107520K, 67% used [0x00000000a0000000,0x00000000a467e7e8,0x00000000a6900000)
 Metaspace       used 78884K, capacity 81398K, committed 81940K, reserved 1120256K
  class space    used 10398K, capacity 10942K, committed 11068K, reserved 1048576K
Event: 311.558 GC heap after
Heap after GC invocations=42 (full 4):
 PSYoungGen      total 74240K, used 8983K [0x00000000e0000000, 0x00000000e5d80000, 0x0000000100000000)
  eden space 55808K, 0% used [0x00000000e0000000,0x00000000e0000000,0x00000000e3680000)
  from space 18432K, 48% used [0x00000000e4b80000,0x00000000e5445c68,0x00000000e5d80000)
  to   space 19968K, 0% used [0x00000000e3680000,0x00000000e3680000,0x00000000e4a00000)
 ParOldGen       total 107520K, used 73362K [0x00000000a0000000, 0x00000000a6900000, 0x00000000e0000000)
  object space 107520K, 68% used [0x00000000a0000000,0x00000000a47a4858,0x00000000a6900000)
 Metaspace       used 78884K, capacity 81398K, committed 81940K, reserved 1120256K
  class space    used 10398K, capacity 10942K, committed 11068K, reserved 1048576K
}
Event: 712.124 GC heap before
{Heap before GC invocations=43 (full 4):
 PSYoungGen      total 74240K, used 64791K [0x00000000e0000000, 0x00000000e5d80000, 0x0000000100000000)
  eden space 55808K, 100% used [0x00000000e0000000,0x00000000e3680000,0x00000000e3680000)
  from space 18432K, 48% used [0x00000000e4b80000,0x00000000e5445c68,0x00000000e5d80000)
  to   space 19968K, 0% used [0x00000000e3680000,0x00000000e3680000,0x00000000e4a00000)
 ParOldGen       total 107520K, used 73362K [0x00000000a0000000, 0x00000000a6900000, 0x00000000e0000000)
  object space 107520K, 68% used [0x00000000a0000000,0x00000000a47a4858,0x00000000a6900000)
 Metaspace       used 82799K, capacity 85562K, committed 85780K, reserved 1124352K
  class space    used 10731K, capacity 11298K, committed 11324K, reserved 1048576K
Event: 712.232 GC heap after
Heap after GC invocations=43 (full 4):
 PSYoungGen      total 75776K, used 5663K [0x00000000e0000000, 0x00000000e6800000, 0x0000000100000000)
  eden space 55808K, 0% used [0x00000000e0000000,0x00000000e0000000,0x00000000e3680000)
  from space 19968K, 28% used [0x00000000e3680000,0x00000000e3c07c68,0x00000000e4a00000)
  to   space 19456K, 0% used [0x00000000e5500000,0x00000000e5500000,0x00000000e6800000)
 ParOldGen       total 107520K, used 74066K [0x00000000a0000000, 0x00000000a6900000, 0x00000000e0000000)
  object space 107520K, 68% used [0x00000000a0000000,0x00000000a48548a8,0x00000000a6900000)
 Metaspace       used 82799K, capacity 85562K, committed 85780K, reserved 1124352K
  class space    used 10731K, capacity 11298K, committed 11324K, reserved 1048576K
}
Event: 772.222 GC heap before
{Heap before GC invocations=44 (full 4):
 PSYoungGen      total 75776K, used 61471K [0x00000000e0000000, 0x00000000e6800000, 0x0000000100000000)
  eden space 55808K, 100% used [0x00000000e0000000,0x00000000e3680000,0x00000000e3680000)
  from space 19968K, 28% used [0x00000000e3680000,0x00000000e3c07c68,0x00000000e4a00000)
  to   space 19456K, 0% used [0x00000000e5500000,0x00000000e5500000,0x00000000e6800000)
 ParOldGen       total 107520K, used 74066K [0x00000000a0000000, 0x00000000a6900000, 0x00000000e0000000)
  object space 107520K, 68% used [0x00000000a0000000,0x00000000a48548a8,0x00000000a6900000)
 Metaspace       used 83325K, capacity 86110K, committed 86420K, reserved 1124352K
  class space    used 10774K, capacity 11352K, committed 11452K, reserved 1048576K
Event: 772.450 GC heap after
Heap after GC invocations=44 (full 4):
 PSYoungGen      total 86016K, used 3952K [0x00000000e0000000, 0x00000000e6780000, 0x0000000100000000)
  eden space 67072K, 0% used [0x00000000e0000000,0x00000000e0000000,0x00000000e4180000)
  from space 18944K, 20% used [0x00000000e5500000,0x00000000e58dc030,0x00000000e6780000)
  to   space 19456K, 0% used [0x00000000e4180000,0x00000000e4180000,0x00000000e5480000)
 ParOldGen       total 107520K, used 76700K [0x00000000a0000000, 0x00000000a6900000, 0x00000000e0000000)
  object space 107520K, 71% used [0x00000000a0000000,0x00000000a4ae7368,0x00000000a6900000)
 Metaspace       used 83325K, capacity 86110K, committed 86420K, reserved 1124352K
  class space    used 10774K, capacity 11352K, committed 11452K, reserved 1048576K
}

